0 info it worked if it ends with ok
1 verbose cli [ 'node', '/usr/local/bin/npm', 'install', 'http-server', '-g' ]
2 info using npm@2.7.4
3 info using node@v0.12.2
4 silly cache add args [ 'http-server', null ]
5 verbose cache add spec http-server
6 silly cache add parsed spec { raw: 'http-server',
6 silly cache add   scope: null,
6 silly cache add   name: 'http-server',
6 silly cache add   rawSpec: '',
6 silly cache add   spec: '*',
6 silly cache add   type: 'range' }
7 verbose addNamed http-server@*
8 silly addNamed semver.valid null
9 silly addNamed semver.validRange *
10 silly addNameRange { name: 'http-server', range: '*', hasData: false }
11 silly mapToRegistry name http-server
12 silly mapToRegistry using default registry
13 silly mapToRegistry registry https://registry.npmjs.org/
14 silly mapToRegistry uri https://registry.npmjs.org/http-server
15 verbose addNameRange registry:https://registry.npmjs.org/http-server not in flight; fetching
16 verbose request uri https://registry.npmjs.org/http-server
17 verbose request no auth needed
18 info attempt registry request try #1 at 8:16:12 PM
19 verbose request id 27556f1b997a445a
20 verbose etag "AVQU812LDBL2FB3047A4SF2NK"
21 http request GET https://registry.npmjs.org/http-server
22 http 304 https://registry.npmjs.org/http-server
23 silly get cb [ 304,
23 silly get   { date: 'Tue, 05 May 2015 03:16:13 GMT',
23 silly get     via: '1.1 varnish',
23 silly get     'last-modified': 'Tue, 05 May 2015 03:16:13 GMT',
23 silly get     'cache-control': 'max-age=60',
23 silly get     etag: '"AVQU812LDBL2FB3047A4SF2NK"',
23 silly get     age: '0',
23 silly get     connection: 'keep-alive',
23 silly get     'x-served-by': 'cache-sjc3125-SJC',
23 silly get     'x-cache': 'HIT',
23 silly get     'x-cache-hits': '1',
23 silly get     'x-timer': 'S1430795773.426813,VS0,VE36',
23 silly get     vary: 'Accept' } ]
24 verbose etag https://registry.npmjs.org/http-server from cache
25 verbose get saving http-server to /Users/elliotreed/.npm/registry.npmjs.org/http-server/.cache.json
26 silly addNameRange number 2 { name: 'http-server', range: '*', hasData: true }
27 silly addNameRange versions [ 'http-server',
27 silly addNameRange   [ '0.1.0',
27 silly addNameRange     '0.1.1',
27 silly addNameRange     '0.1.3',
27 silly addNameRange     '0.2.1',
27 silly addNameRange     '0.2.2',
27 silly addNameRange     '0.2.3',
27 silly addNameRange     '0.2.4',
27 silly addNameRange     '0.2.5',
27 silly addNameRange     '0.2.6',
27 silly addNameRange     '0.2.9',
27 silly addNameRange     '0.3.0',
27 silly addNameRange     '0.4.0',
27 silly addNameRange     '0.4.1',
27 silly addNameRange     '0.5.0',
27 silly addNameRange     '0.5.1',
27 silly addNameRange     '0.5.2',
27 silly addNameRange     '0.5.3',
27 silly addNameRange     '0.5.5',
27 silly addNameRange     '0.6.0',
27 silly addNameRange     '0.6.1',
27 silly addNameRange     '0.7.0',
27 silly addNameRange     '0.7.1',
27 silly addNameRange     '0.7.2',
27 silly addNameRange     '0.7.3',
27 silly addNameRange     '0.7.4',
27 silly addNameRange     '0.7.5',
27 silly addNameRange     '0.8.0' ] ]
28 verbose addNamed http-server@0.8.0
29 silly addNamed semver.valid 0.8.0
30 silly addNamed semver.validRange 0.8.0
31 silly cache afterAdd http-server@0.8.0
32 verbose afterAdd /Users/elliotreed/.npm/http-server/0.8.0/package/package.json not in flight; writing
33 verbose afterAdd /Users/elliotreed/.npm/http-server/0.8.0/package/package.json written
34 silly install resolved [ { name: 'http-server',
34 silly install resolved     version: '0.8.0',
34 silly install resolved     description: 'A simple zero-configuration command-line http server',
34 silly install resolved     main: './lib/http-server',
34 silly install resolved     repository:
34 silly install resolved      { type: 'git',
34 silly install resolved        url: 'git://github.com/indexzero/http-server.git' },
34 silly install resolved     keywords: [ 'cli', 'command' ],
34 silly install resolved     scripts:
34 silly install resolved      { start: 'node ./bin/http-server',
34 silly install resolved        pretest: 'stylezero bin/ lib/ test',
34 silly install resolved        test: 'vows --spec --isolate' },
34 silly install resolved     contributors:
34 silly install resolved      [ [Object],
34 silly install resolved        [Object],
34 silly install resolved        [Object],
34 silly install resolved        [Object],
34 silly install resolved        [Object],
34 silly install resolved        [Object],
34 silly install resolved        [Object],
34 silly install resolved        [Object],
34 silly install resolved        [Object],
34 silly install resolved        [Object] ],
34 silly install resolved     dependencies:
34 silly install resolved      { colors: '1.0.3',
34 silly install resolved        optimist: '0.6.x',
34 silly install resolved        union: '~0.4.3',
34 silly install resolved        ecstatic: '~0.7.0',
34 silly install resolved        'http-proxy': '^1.8.1',
34 silly install resolved        portfinder: '0.4.x',
34 silly install resolved        opener: '~1.4.0',
34 silly install resolved        corser: '~2.0.0' },
34 silly install resolved     devDependencies: { vows: '0.7.x', request: '2.49.x', stylezero: '2.2.0' },
34 silly install resolved     bugs: { url: 'https://github.com/nodeapps/http-server/issues' },
34 silly install resolved     licenses: [ [Object] ],
34 silly install resolved     preferGlobal: 'true',
34 silly install resolved     bin: { 'http-server': './bin/http-server', hs: './bin/http-server' },
34 silly install resolved     gitHead: 'ac38a041c954c863fd695b0f70ba251399856812',
34 silly install resolved     homepage: 'https://github.com/indexzero/http-server',
34 silly install resolved     _id: 'http-server@0.8.0',
34 silly install resolved     _shasum: 'd4b671781ec6bf9fa6a311cd1df683b0b37b1491',
34 silly install resolved     _from: 'http-server@*',
34 silly install resolved     _npmVersion: '2.2.0',
34 silly install resolved     _nodeVersion: '0.10.33',
34 silly install resolved     _npmUser: { name: 'indexzero', email: 'charlie.robbins@gmail.com' },
34 silly install resolved     maintainers: [ [Object] ],
34 silly install resolved     dist:
34 silly install resolved      { shasum: 'd4b671781ec6bf9fa6a311cd1df683b0b37b1491',
34 silly install resolved        tarball: 'http://registry.npmjs.org/http-server/-/http-server-0.8.0.tgz' },
34 silly install resolved     directories: {},
34 silly install resolved     _resolved: 'https://registry.npmjs.org/http-server/-/http-server-0.8.0.tgz',
34 silly install resolved     readme: 'ERROR: No README data found!' } ]
35 info install http-server@0.8.0 into /usr/local/lib
36 info installOne http-server@0.8.0
37 verbose installOne of http-server to /usr/local/lib not in flight; installing
38 verbose lock using /Users/elliotreed/.npm/_locks/http-server-ae30c9ae1f4c5eaa.lock for /usr/local/lib/node_modules/http-server
39 silly install write writing http-server 0.8.0 to /usr/local/lib/node_modules/http-server
40 silly cache addNamed cb http-server@0.8.0
41 verbose unbuild lib/node_modules/http-server
42 info preuninstall http-server@0.8.0
43 info uninstall http-server@0.8.0
44 verbose unbuild rmStuff http-server@0.8.0 from /usr/local/lib/node_modules
45 silly gentlyRm /usr/local/bin/http-server is being gently removed
46 silly gentlyRm verifying /usr/local is an npm working directory
47 silly gentlyRm /usr/local/bin/hs is being gently removed
48 silly gentlyRm verifying /usr/local is an npm working directory
49 silly gentlyRm containing path /usr/local is under npm's control, in /usr/local
50 silly gentlyRm deletion target /usr/local/bin/http-server is under /usr/local
51 verbose gentlyRm vacuuming from /usr/local/bin/http-server up to /usr/local
52 silly gentlyRm containing path /usr/local is under npm's control, in /usr/local
53 silly gentlyRm deletion target /usr/local/bin/hs is under /usr/local
54 verbose gentlyRm vacuuming from /usr/local/bin/hs up to /usr/local
55 silly vacuum-fs removing /usr/local/bin/http-server
56 silly vacuum-fs removing /usr/local/bin/hs
57 silly vacuum-fs quitting because other entries in /usr/local/bin
58 silly vacuum-fs quitting because other entries in /usr/local/bin
59 info postuninstall http-server@0.8.0
60 silly gentlyRm /usr/local/lib/node_modules/http-server is being purged from base /usr/local
61 verbose gentlyRm don't care about contents; nuking /usr/local/lib/node_modules/http-server
62 silly vacuum-fs purging /usr/local/lib/node_modules/http-server
63 verbose unlock done using /Users/elliotreed/.npm/_locks/http-server-ae30c9ae1f4c5eaa.lock for /usr/local/lib/node_modules/http-server
64 verbose stack Error: EACCES, rmdir '/usr/local/lib/node_modules/http-server'
64 verbose stack     at Error (native)
65 verbose cwd /Users/elliotreed/Gits/Dominionator
66 error Darwin 14.3.0
67 error argv "node" "/usr/local/bin/npm" "install" "http-server" "-g"
68 error node v0.12.2
69 error npm  v2.7.4
70 error path /usr/local/lib/node_modules/http-server
71 error code EACCES
72 error errno -13
73 error Error: EACCES, rmdir '/usr/local/lib/node_modules/http-server'
73 error     at Error (native)
73 error  { [Error: EACCES, rmdir '/usr/local/lib/node_modules/http-server']
73 error   errno: -13,
73 error   code: 'EACCES',
73 error   path: '/usr/local/lib/node_modules/http-server' }
74 error Please try running this command again as root/Administrator.
75 verbose exit [ -13, true ]
76 verbose unbuild lib/node_modules/http-server
77 info preuninstall http-server@0.8.0
78 info uninstall http-server@0.8.0
79 verbose unbuild rmStuff http-server@0.8.0 from /usr/local/lib/node_modules
80 silly gentlyRm /usr/local/bin/http-server is being gently removed
81 silly gentlyRm verifying /usr/local is an npm working directory
82 silly gentlyRm /usr/local/bin/hs is being gently removed
83 silly gentlyRm verifying /usr/local is an npm working directory
84 silly gentlyRm containing path /usr/local is under npm's control, in /usr/local
85 silly gentlyRm deletion target /usr/local/bin/http-server is under /usr/local
86 verbose gentlyRm vacuuming from /usr/local/bin/http-server up to /usr/local
87 silly gentlyRm containing path /usr/local is under npm's control, in /usr/local
88 silly gentlyRm deletion target /usr/local/bin/hs is under /usr/local
89 verbose gentlyRm vacuuming from /usr/local/bin/hs up to /usr/local
90 info postuninstall http-server@0.8.0
91 silly gentlyRm /usr/local/lib/node_modules/http-server is being purged from base /usr/local
92 verbose gentlyRm don't care about contents; nuking /usr/local/lib/node_modules/http-server
93 silly vacuum-fs purging /usr/local/lib/node_modules/http-server
94 error error rolling back Error: EACCES, rmdir '/usr/local/lib/node_modules/http-server'
94 error error rolling back     at Error (native)
94 error error rolling back  { [Error: EACCES, rmdir '/usr/local/lib/node_modules/http-server']
94 error error rolling back   errno: -13,
94 error error rolling back   code: 'EACCES',
94 error error rolling back   path: '/usr/local/lib/node_modules/http-server' }
